<?xml version="1.0" encoding="UTF-8"?>
<testng-results skipped="0" failed="0" total="1" passed="1">
  <reporter-output>
  </reporter-output>
  <suite name="Default suite" duration-ms="28397" started-at="2017-11-05T05:35:14Z" finished-at="2017-11-05T05:35:43Z">
    <groups>
    </groups>
    <test name="Default test" duration-ms="28397" started-at="2017-11-05T05:35:14Z" finished-at="2017-11-05T05:35:43Z">
      <class name="hybridApp.testAppiumDemo">
        <test-method status="PASS" signature="beforeTest()[pri:0, instance:hybridApp.testAppiumDemo@4cc0edeb]" name="beforeTest" is-config="true" duration-ms="21822" started-at="2017-11-05T11:05:14Z" finished-at="2017-11-05T11:05:36Z">
          <reporter-output>
          </reporter-output>
        </test-method> <!-- beforeTest -->
        <test-method status="PASS" signature="f()[pri:0, instance:hybridApp.testAppiumDemo@4cc0edeb]" name="f" duration-ms="6558" started-at="2017-11-05T11:05:36Z" finished-at="2017-11-05T11:05:43Z">
          <reporter-output>
          </reporter-output>
        </test-method> <!-- f -->
      </class> <!-- hybridApp.testAppiumDemo -->
    </test> <!-- Default test -->
  </suite> <!-- Default suite -->
</testng-results>
